<?xml version="1.0" encoding="UTF-8"?>
<!-- Generated by org.testng.reporters.JUnitXMLReporter -->
<testsuite ignored="0" hostname="LAPTOP-LNQO8009" failures="0" tests="4" name="Surefire test" time="0.101" errors="0" timestamp="2021-08-02T08:09:46 MSK">
  <testcase classname="com.epam.tc.hw1.addAndSubtractTestsPackage.CalculatorAddTest" name="addTest" time="0.038"/>
  <testcase classname="com.epam.tc.hw1.addAndSubtractTestsPackage.CalculatorSubtractTest" name="subtractTest" time="0.0"/>
  <testcase classname="com.epam.tc.hw1.CalculatorDivideTest" name="divideTest" time="0.0"/>
  <testcase classname="com.epam.tc.hw1.CalculatorMultiplyTest" name="multiplyTest" time="0.0"/>
</testsuite> <!-- Surefire test -->
