<?xml version="1.0" encoding="UTF-8"?>
<testng-results ignored="0" total="4" passed="4" failed="0" skipped="0">
  <reporter-output>
  </reporter-output>
  <suite started-at="2021-08-02T08:09:46 MSK" name="Surefire suite" finished-at="2021-08-02T08:09:46 MSK" duration-ms="101">
    <groups>
    </groups>
    <test started-at="2021-08-02T08:09:46 MSK" name="Surefire test" finished-at="2021-08-02T08:09:46 MSK" duration-ms="101">
      <class name="com.epam.tc.hw1.addAndSubtractTestsPackage.CalculatorAddTest">
        <test-method signature="addTest()[pri:0, instance:com.epam.tc.hw1.addAndSubtractTestsPackage.CalculatorAddTest@1aafa419]" started-at="2021-08-02T08:09:46 MSK" name="addTest" finished-at="2021-08-02T08:09:46 MSK" duration-ms="38" status="PASS">
          <reporter-output>
          </reporter-output>
        </test-method> <!-- addTest -->
      </class> <!-- com.epam.tc.hw1.addAndSubtractTestsPackage.CalculatorAddTest -->
      <class name="com.epam.tc.hw1.addAndSubtractTestsPackage.CalculatorSubtractTest">
        <test-method signature="subtractTest()[pri:0, instance:com.epam.tc.hw1.addAndSubtractTestsPackage.CalculatorSubtractTest@2d3379b4]" started-at="2021-08-02T08:09:46 MSK" name="subtractTest" finished-at="2021-08-02T08:09:46 MSK" duration-ms="0" status="PASS">
          <reporter-output>
          </reporter-output>
        </test-method> <!-- subtractTest -->
      </class> <!-- com.epam.tc.hw1.addAndSubtractTestsPackage.CalculatorSubtractTest -->
      <class name="com.epam.tc.hw1.CalculatorDivideTest">
        <test-method signature="divideTest()[pri:0, instance:com.epam.tc.hw1.CalculatorDivideTest@30c15d8b]" started-at="2021-08-02T08:09:46 MSK" name="divideTest" finished-at="2021-08-02T08:09:46 MSK" duration-ms="0" status="PASS">
          <reporter-output>
          </reporter-output>
        </test-method> <!-- divideTest -->
      </class> <!-- com.epam.tc.hw1.CalculatorDivideTest -->
      <class name="com.epam.tc.hw1.CalculatorMultiplyTest">
        <test-method signature="multiplyTest()[pri:0, instance:com.epam.tc.hw1.CalculatorMultiplyTest@5e0e82ae]" started-at="2021-08-02T08:09:46 MSK" name="multiplyTest" finished-at="2021-08-02T08:09:46 MSK" duration-ms="0" status="PASS">
          <reporter-output>
          </reporter-output>
        </test-method> <!-- multiplyTest -->
      </class> <!-- com.epam.tc.hw1.CalculatorMultiplyTest -->
    </test> <!-- Surefire test -->
  </suite> <!-- Surefire suite -->
</testng-results>
